[04-Jun-2025 13:25:30 UTC] Automatic updates starting...
[04-Jun-2025 13:25:30 UTC] Automatic updates complete.
[04-Jun-2025 15:24:23 UTC] Function ajouter_lien_admin_menu called with theme location: 
[04-Jun-2025 15:24:23 UTC] User is not logged in
[04-Jun-2025 15:24:23 UTC] Function ajouter_lien_admin_menu called with theme location: 
[04-Jun-2025 15:24:23 UTC] User is not logged in
[04-Jun-2025 15:24:23 UTC] Function ajouter_lien_admin_menu called with theme location: menu-2
[04-Jun-2025 15:24:23 UTC] User is not logged in
[04-Jun-2025 15:24:27 UTC] Function ajouter_lien_admin_menu called with theme location: 
[04-Jun-2025 15:24:27 UTC] User is not logged in
[04-Jun-2025 15:24:27 UTC] Function ajouter_lien_admin_menu called with theme location: 
[04-Jun-2025 15:24:27 UTC] User is not logged in
[04-Jun-2025 15:24:27 UTC] Function ajouter_lien_admin_menu called with theme location: menu-2
[04-Jun-2025 15:24:27 UTC] User is not logged in
[04-Jun-2025 15:24:28 UTC] Function ajouter_lien_admin_menu called with theme location: 
[04-Jun-2025 15:24:28 UTC] User is not logged in
[04-Jun-2025 15:24:28 UTC] Function ajouter_lien_admin_menu called with theme location: 
[04-Jun-2025 15:24:28 UTC] User is not logged in
[04-Jun-2025 15:24:28 UTC] Function ajouter_lien_admin_menu called with theme location: menu-2
[04-Jun-2025 15:24:28 UTC] User is not logged in
[04-Jun-2025 15:24:41 UTC] Function ajouter_lien_admin_menu called with theme location: 
[04-Jun-2025 15:24:41 UTC] User is not logged in
[04-Jun-2025 15:24:42 UTC] Function ajouter_lien_admin_menu called with theme location: 
[04-Jun-2025 15:24:42 UTC] User is not logged in
[04-Jun-2025 15:24:42 UTC] Function ajouter_lien_admin_menu called with theme location: menu-2
[04-Jun-2025 15:24:42 UTC] User is not logged in
[04-Jun-2025 15:24:50 UTC] Function ajouter_lien_admin_menu called with theme location: 
[04-Jun-2025 15:24:50 UTC] User is not logged in
[04-Jun-2025 15:24:50 UTC] Function ajouter_lien_admin_menu called with theme location: 
[04-Jun-2025 15:24:50 UTC] User is not logged in
[04-Jun-2025 15:24:50 UTC] Function ajouter_lien_admin_menu called with theme location: menu-2
[04-Jun-2025 15:24:50 UTC] User is not logged in
[04-Jun-2025 15:25:20 UTC] Function ajouter_lien_admin_menu called with theme location: 
[04-Jun-2025 15:25:20 UTC] User is logged in
[04-Jun-2025 15:25:20 UTC] Incorrect menu location: 
[04-Jun-2025 15:25:21 UTC] Function ajouter_lien_admin_menu called with theme location: menu-1
[04-Jun-2025 15:25:21 UTC] User is logged in
[04-Jun-2025 15:25:21 UTC] Correct menu location
[04-Jun-2025 15:25:21 UTC] Function ajouter_lien_admin_menu called with theme location: menu-1
[04-Jun-2025 15:25:21 UTC] User is logged in
[04-Jun-2025 15:25:21 UTC] Correct menu location
[04-Jun-2025 15:25:21 UTC] Function ajouter_lien_admin_menu called with theme location: menu-2
[04-Jun-2025 15:25:21 UTC] User is logged in
[04-Jun-2025 15:25:21 UTC] Incorrect menu location: menu-2
[04-Jun-2025 15:29:31 UTC] Function ajouter_lien_admin_menu called with theme location: 
[04-Jun-2025 15:29:31 UTC] User is logged in
[04-Jun-2025 15:29:31 UTC] Incorrect menu location: 
[04-Jun-2025 15:29:31 UTC] Function ajouter_lien_admin_menu called with theme location: 
[04-Jun-2025 15:29:31 UTC] User is logged in
[04-Jun-2025 15:29:31 UTC] Incorrect menu location: 
[04-Jun-2025 15:29:31 UTC] Function ajouter_lien_admin_menu called with theme location: menu-2
[04-Jun-2025 15:29:31 UTC] User is logged in
[04-Jun-2025 15:29:31 UTC] Incorrect menu location: menu-2
[04-Jun-2025 15:31:57 UTC] Function called with theme location: 
[04-Jun-2025 15:31:57 UTC] User is not logged in
[04-Jun-2025 15:31:57 UTC] Function called with theme location: 
[04-Jun-2025 15:31:57 UTC] User is not logged in
[04-Jun-2025 15:31:57 UTC] Function called with theme location: menu-2
[04-Jun-2025 15:31:57 UTC] User is not logged in
[04-Jun-2025 15:35:08 UTC] Function called with theme location: 
[04-Jun-2025 15:35:08 UTC] User is not logged in
[04-Jun-2025 15:35:08 UTC] Function called with theme location: 
[04-Jun-2025 15:35:08 UTC] User is not logged in
[04-Jun-2025 15:35:08 UTC] Function called with theme location: menu-2
[04-Jun-2025 15:35:08 UTC] User is not logged in
[04-Jun-2025 15:35:21 UTC] Function called with theme location: 
[04-Jun-2025 15:35:21 UTC] User is not logged in
[04-Jun-2025 15:35:21 UTC] Function called with theme location: 
[04-Jun-2025 15:35:21 UTC] User is not logged in
[04-Jun-2025 15:35:21 UTC] Function called with theme location: menu-2
[04-Jun-2025 15:35:21 UTC] User is not logged in
[04-Jun-2025 15:35:23 UTC] Function called with theme location: 
[04-Jun-2025 15:35:23 UTC] User is not logged in
[04-Jun-2025 15:35:23 UTC] Function called with theme location: 
[04-Jun-2025 15:35:23 UTC] User is not logged in
[04-Jun-2025 15:35:23 UTC] Function called with theme location: menu-2
[04-Jun-2025 15:35:23 UTC] User is not logged in
[04-Jun-2025 15:36:06 UTC] Function called with theme location: 
[04-Jun-2025 15:36:06 UTC] User is not logged in
[04-Jun-2025 15:36:06 UTC] Function called with theme location: 
[04-Jun-2025 15:36:06 UTC] User is not logged in
[04-Jun-2025 15:36:06 UTC] Function called with theme location: menu-2
[04-Jun-2025 15:36:06 UTC] User is not logged in
[04-Jun-2025 15:36:18 UTC] Function called with theme location: 
[04-Jun-2025 15:36:18 UTC] User is not logged in
[04-Jun-2025 15:36:18 UTC] Function called with theme location: 
[04-Jun-2025 15:36:18 UTC] User is not logged in
[04-Jun-2025 15:36:18 UTC] Function called with theme location: menu-2
[04-Jun-2025 15:36:18 UTC] User is not logged in
[04-Jun-2025 15:36:49 UTC] Function called with theme location: 
[04-Jun-2025 15:36:49 UTC] User is logged in: 1
[04-Jun-2025 15:36:49 UTC] Incorrect menu location: 
[04-Jun-2025 15:36:49 UTC] Function called with theme location: 
[04-Jun-2025 15:36:49 UTC] User is logged in: 1
[04-Jun-2025 15:36:49 UTC] Incorrect menu location: 
[04-Jun-2025 15:36:49 UTC] Function called with theme location: menu-2
[04-Jun-2025 15:36:49 UTC] User is logged in: 1
[04-Jun-2025 15:36:49 UTC] Incorrect menu location: menu-2
[04-Jun-2025 15:46:26 UTC] Function called with theme location: 
[04-Jun-2025 15:46:26 UTC] User is logged in: 1
[04-Jun-2025 15:46:26 UTC] Incorrect menu location: 
[04-Jun-2025 15:46:26 UTC] Function called with theme location: 
[04-Jun-2025 15:46:26 UTC] User is logged in: 1
[04-Jun-2025 15:46:26 UTC] Incorrect menu location: 
[04-Jun-2025 15:46:26 UTC] Function called with theme location: menu-2
[04-Jun-2025 15:46:26 UTC] User is logged in: 1
[04-Jun-2025 15:46:26 UTC] Incorrect menu location: menu-2
[04-Jun-2025 15:48:11 UTC] Function called with theme location: 
[04-Jun-2025 15:48:11 UTC] User is logged in: 1
[04-Jun-2025 15:48:11 UTC] Incorrect menu location: 
[04-Jun-2025 15:48:11 UTC] Function called with theme location: 
[04-Jun-2025 15:48:11 UTC] User is logged in: 1
[04-Jun-2025 15:48:11 UTC] Incorrect menu location: 
[04-Jun-2025 15:48:11 UTC] Function called with theme location: menu-2
[04-Jun-2025 15:48:11 UTC] User is logged in: 1
[04-Jun-2025 15:48:11 UTC] Incorrect menu location: menu-2
[04-Jun-2025 15:48:13 UTC] Function called with theme location: 
[04-Jun-2025 15:48:13 UTC] User is logged in: 1
[04-Jun-2025 15:48:13 UTC] Incorrect menu location: 
[04-Jun-2025 15:48:13 UTC] Function called with theme location: 
[04-Jun-2025 15:48:13 UTC] User is logged in: 1
[04-Jun-2025 15:48:13 UTC] Incorrect menu location: 
[04-Jun-2025 15:48:13 UTC] Function called with theme location: menu-2
[04-Jun-2025 15:48:13 UTC] User is logged in: 1
[04-Jun-2025 15:48:13 UTC] Incorrect menu location: menu-2
[04-Jun-2025 15:48:27 UTC] Function called with theme location: 
[04-Jun-2025 15:48:27 UTC] User is logged in: 1
[04-Jun-2025 15:48:27 UTC] Incorrect menu location: 
[04-Jun-2025 15:48:27 UTC] Function called with theme location: 
[04-Jun-2025 15:48:27 UTC] User is logged in: 1
[04-Jun-2025 15:48:27 UTC] Incorrect menu location: 
[04-Jun-2025 15:48:27 UTC] Function called with theme location: menu-2
[04-Jun-2025 15:48:27 UTC] User is logged in: 1
[04-Jun-2025 15:48:27 UTC] Incorrect menu location: menu-2
[04-Jun-2025 15:49:51 UTC] Function called with theme location: 
[04-Jun-2025 15:49:51 UTC] User is logged in: 1
[04-Jun-2025 15:49:51 UTC] Incorrect menu location: 
[04-Jun-2025 15:49:51 UTC] Function called with theme location: 
[04-Jun-2025 15:49:51 UTC] User is logged in: 1
[04-Jun-2025 15:49:51 UTC] Incorrect menu location: 
[04-Jun-2025 15:49:51 UTC] Function called with theme location: menu-2
[04-Jun-2025 15:49:51 UTC] User is logged in: 1
[04-Jun-2025 15:49:51 UTC] Incorrect menu location: menu-2
[04-Jun-2025 15:49:55 UTC] Function called with theme location: 
[04-Jun-2025 15:49:55 UTC] User is logged in: 1
[04-Jun-2025 15:49:55 UTC] Incorrect menu location: 
[04-Jun-2025 15:49:55 UTC] Function called with theme location: 
[04-Jun-2025 15:49:55 UTC] User is logged in: 1
[04-Jun-2025 15:49:55 UTC] Incorrect menu location: 
[04-Jun-2025 15:49:55 UTC] Function called with theme location: menu-2
[04-Jun-2025 15:49:55 UTC] User is logged in: 1
[04-Jun-2025 15:49:55 UTC] Incorrect menu location: menu-2
[04-Jun-2025 15:49:57 UTC] Function called with theme location: 
[04-Jun-2025 15:49:57 UTC] User is logged in: 1
[04-Jun-2025 15:49:57 UTC] Incorrect menu location: 
[04-Jun-2025 15:49:57 UTC] Function called with theme location: 
[04-Jun-2025 15:49:57 UTC] User is logged in: 1
[04-Jun-2025 15:49:57 UTC] Incorrect menu location: 
[04-Jun-2025 15:49:57 UTC] Function called with theme location: menu-2
[04-Jun-2025 15:49:57 UTC] User is logged in: 1
[04-Jun-2025 15:49:57 UTC] Incorrect menu location: menu-2
[04-Jun-2025 15:50:00 UTC] Function called with theme location: 
[04-Jun-2025 15:50:00 UTC] User is logged in: 1
[04-Jun-2025 15:50:00 UTC] Incorrect menu location: 
[04-Jun-2025 15:50:00 UTC] Function called with theme location: 
[04-Jun-2025 15:50:00 UTC] User is logged in: 1
[04-Jun-2025 15:50:00 UTC] Incorrect menu location: 
[04-Jun-2025 15:50:00 UTC] Function called with theme location: menu-2
[04-Jun-2025 15:50:00 UTC] User is logged in: 1
[04-Jun-2025 15:50:00 UTC] Incorrect menu location: menu-2
[04-Jun-2025 16:00:24 UTC] Function called with theme location: 
[04-Jun-2025 16:00:24 UTC] Function called with theme location: 
[04-Jun-2025 16:00:24 UTC] Function called with theme location: menu-2
[04-Jun-2025 16:00:25 UTC] Function called with theme location: 
[04-Jun-2025 16:00:25 UTC] Function called with theme location: 
[04-Jun-2025 16:00:25 UTC] Function called with theme location: menu-2
[04-Jun-2025 16:01:53 UTC] Function called with theme location: 
[04-Jun-2025 16:01:53 UTC] Function called with theme location: 
[04-Jun-2025 16:01:53 UTC] Function called with theme location: menu-2
[04-Jun-2025 16:01:54 UTC] Function called with theme location: 
[04-Jun-2025 16:01:54 UTC] Function called with theme location: 
[04-Jun-2025 16:01:54 UTC] Function called with theme location: menu-2
[04-Jun-2025 16:01:56 UTC] Function called with theme location: 
[04-Jun-2025 16:01:56 UTC] Function called with theme location: 
[04-Jun-2025 16:01:56 UTC] Function called with theme location: menu-2
[04-Jun-2025 16:01:58 UTC] Function called with theme location: 
[04-Jun-2025 16:01:58 UTC] Function called with theme location: 
[04-Jun-2025 16:01:58 UTC] Function called with theme location: menu-2
[04-Jun-2025 16:02:44 UTC] Function called with theme location: 
[04-Jun-2025 16:02:44 UTC] Function called with theme location: 
[04-Jun-2025 16:02:44 UTC] Function called with theme location: menu-2
[04-Jun-2025 16:02:46 UTC] Function called with theme location: 
[04-Jun-2025 16:02:46 UTC] Function called with theme location: 
[04-Jun-2025 16:02:46 UTC] Function called with theme location: menu-2
[04-Jun-2025 16:02:54 UTC] Function called with theme location: 
[04-Jun-2025 16:02:54 UTC] Function called with theme location: 
[04-Jun-2025 16:02:54 UTC] Function called with theme location: menu-2
[04-Jun-2025 16:02:57 UTC] Function called with theme location: 
[04-Jun-2025 16:02:57 UTC] Function called with theme location: 
[04-Jun-2025 16:02:57 UTC] Function called with theme location: menu-2
[04-Jun-2025 16:03:02 UTC] Function called with theme location: 
[04-Jun-2025 16:03:02 UTC] Function called with theme location: 
[04-Jun-2025 16:03:02 UTC] Function called with theme location: menu-2
[04-Jun-2025 16:06:54 UTC] Function called with theme location: 
[04-Jun-2025 16:06:54 UTC] Function called with theme location: 
[04-Jun-2025 16:06:54 UTC] Function called with theme location: menu-2
[04-Jun-2025 16:07:06 UTC] Function called with theme location: 
[04-Jun-2025 16:07:06 UTC] Function called with theme location: 
[04-Jun-2025 16:07:06 UTC] Function called with theme location: menu-2
[04-Jun-2025 16:08:19 UTC] Function called with theme location: 
[04-Jun-2025 16:08:19 UTC] Function called with theme location: 
[04-Jun-2025 16:08:19 UTC] Function called with theme location: menu-2
[04-Jun-2025 16:08:51 UTC] Function called with theme location: menu-2
[04-Jun-2025 16:17:43 UTC] Function called with theme location: 
[04-Jun-2025 16:17:43 UTC] User is not logged in or incorrect menu location
[04-Jun-2025 16:17:43 UTC] Function called with theme location: 
[04-Jun-2025 16:17:43 UTC] User is not logged in or incorrect menu location
[04-Jun-2025 16:17:43 UTC] Function called with theme location: menu-2
[04-Jun-2025 16:17:43 UTC] User is not logged in or incorrect menu location
[04-Jun-2025 16:17:43 UTC] Function called with theme location: menu-2
[04-Jun-2025 16:17:43 UTC] User is not logged in or incorrect menu location
[04-Jun-2025 16:17:48 UTC] Function called with theme location: 
[04-Jun-2025 16:17:48 UTC] User is not logged in or incorrect menu location
[04-Jun-2025 16:17:48 UTC] Function called with theme location: 
[04-Jun-2025 16:17:48 UTC] User is not logged in or incorrect menu location
[04-Jun-2025 16:17:48 UTC] Function called with theme location: menu-2
[04-Jun-2025 16:17:48 UTC] User is not logged in or incorrect menu location
[04-Jun-2025 16:17:49 UTC] Function called with theme location: 
[04-Jun-2025 16:17:49 UTC] User is not logged in or incorrect menu location
[04-Jun-2025 16:17:49 UTC] Function called with theme location: 
[04-Jun-2025 16:17:49 UTC] User is not logged in or incorrect menu location
[04-Jun-2025 16:17:49 UTC] Function called with theme location: menu-2
[04-Jun-2025 16:17:49 UTC] User is not logged in or incorrect menu location
[04-Jun-2025 16:17:54 UTC] Function called with theme location: 
[04-Jun-2025 16:17:54 UTC] User is not logged in or incorrect menu location
[04-Jun-2025 16:17:54 UTC] Function called with theme location: 
[04-Jun-2025 16:17:54 UTC] User is not logged in or incorrect menu location
[04-Jun-2025 16:17:54 UTC] Function called with theme location: menu-2
[04-Jun-2025 16:17:54 UTC] User is not logged in or incorrect menu location
[04-Jun-2025 16:18:31 UTC] Function called with theme location: 
[04-Jun-2025 16:18:31 UTC] User is not logged in or incorrect menu location
[04-Jun-2025 16:18:31 UTC] Function called with theme location: 
[04-Jun-2025 16:18:31 UTC] User is not logged in or incorrect menu location
[04-Jun-2025 16:18:31 UTC] Function called with theme location: menu-2
[04-Jun-2025 16:18:31 UTC] User is not logged in or incorrect menu location
[04-Jun-2025 16:18:36 UTC] Function called with theme location: 
[04-Jun-2025 16:18:36 UTC] User is not logged in or incorrect menu location
[04-Jun-2025 16:18:36 UTC] Function called with theme location: 
[04-Jun-2025 16:18:36 UTC] User is not logged in or incorrect menu location
[04-Jun-2025 16:18:36 UTC] Function called with theme location: menu-2
[04-Jun-2025 16:18:36 UTC] User is not logged in or incorrect menu location
[04-Jun-2025 16:18:57 UTC] Function called with theme location: 
[04-Jun-2025 16:18:57 UTC] User is not logged in or incorrect menu location
[04-Jun-2025 16:18:57 UTC] Function called with theme location: 
[04-Jun-2025 16:18:57 UTC] User is not logged in or incorrect menu location
[04-Jun-2025 16:18:57 UTC] Function called with theme location: menu-2
[04-Jun-2025 16:18:57 UTC] User is not logged in or incorrect menu location
[04-Jun-2025 16:25:10 UTC] Function called with theme location: 
[04-Jun-2025 16:25:10 UTC] User is not logged in or incorrect menu location
[04-Jun-2025 16:25:10 UTC] Function called with theme location: 
[04-Jun-2025 16:25:10 UTC] User is not logged in or incorrect menu location
[04-Jun-2025 16:25:10 UTC] Function called with theme location: menu-2
[04-Jun-2025 16:25:10 UTC] User is not logged in or incorrect menu location
[04-Jun-2025 16:25:26 UTC] Function called with theme location: 
[04-Jun-2025 16:25:26 UTC] User is not logged in or incorrect menu location
[04-Jun-2025 16:25:26 UTC] Function called with theme location: 
[04-Jun-2025 16:25:26 UTC] User is not logged in or incorrect menu location
[04-Jun-2025 16:25:26 UTC] Function called with theme location: menu-2
[04-Jun-2025 16:25:26 UTC] User is not logged in or incorrect menu location
[04-Jun-2025 16:28:05 UTC] Function called with theme location: 
[04-Jun-2025 16:28:05 UTC] User is not logged in or incorrect menu location
[04-Jun-2025 16:28:05 UTC] Function called with theme location: 
[04-Jun-2025 16:28:05 UTC] User is not logged in or incorrect menu location
[04-Jun-2025 16:28:05 UTC] Function called with theme location: menu-2
[04-Jun-2025 16:28:05 UTC] User is not logged in or incorrect menu location
[04-Jun-2025 16:28:08 UTC] Function called with theme location: 
[04-Jun-2025 16:28:08 UTC] User is not logged in or incorrect menu location
[04-Jun-2025 16:28:08 UTC] Function called with theme location: 
[04-Jun-2025 16:28:08 UTC] User is not logged in or incorrect menu location
[04-Jun-2025 16:28:08 UTC] Function called with theme location: menu-2
[04-Jun-2025 16:28:08 UTC] User is not logged in or incorrect menu location
[04-Jun-2025 16:28:54 UTC] Function called with theme location: 
[04-Jun-2025 16:28:54 UTC] User is not logged in or incorrect menu location
[04-Jun-2025 16:28:54 UTC] Function called with theme location: 
[04-Jun-2025 16:28:54 UTC] User is not logged in or incorrect menu location
[04-Jun-2025 16:28:54 UTC] Function called with theme location: menu-2
[04-Jun-2025 16:28:54 UTC] User is not logged in or incorrect menu location
[04-Jun-2025 16:29:03 UTC] Function called with theme location: 
[04-Jun-2025 16:29:03 UTC] User is not logged in or incorrect menu location
[04-Jun-2025 16:29:03 UTC] Function called with theme location: 
[04-Jun-2025 16:29:03 UTC] User is not logged in or incorrect menu location
[04-Jun-2025 16:29:03 UTC] Function called with theme location: menu-2
[04-Jun-2025 16:29:03 UTC] User is not logged in or incorrect menu location
[04-Jun-2025 16:29:06 UTC] Function called with theme location: 
[04-Jun-2025 16:29:06 UTC] User is not logged in or incorrect menu location
[04-Jun-2025 16:29:06 UTC] Function called with theme location: 
[04-Jun-2025 16:29:06 UTC] User is not logged in or incorrect menu location
[04-Jun-2025 16:29:06 UTC] Function called with theme location: menu-2
[04-Jun-2025 16:29:06 UTC] User is not logged in or incorrect menu location
[04-Jun-2025 16:29:08 UTC] Function called with theme location: 
[04-Jun-2025 16:29:08 UTC] User is not logged in or incorrect menu location
[04-Jun-2025 16:29:08 UTC] Function called with theme location: 
[04-Jun-2025 16:29:08 UTC] User is not logged in or incorrect menu location
[04-Jun-2025 16:29:08 UTC] Function called with theme location: menu-2
[04-Jun-2025 16:29:08 UTC] User is not logged in or incorrect menu location
[04-Jun-2025 16:29:10 UTC] Function called with theme location: 
[04-Jun-2025 16:29:10 UTC] User is not logged in or incorrect menu location
[04-Jun-2025 16:29:10 UTC] Function called with theme location: 
[04-Jun-2025 16:29:10 UTC] User is not logged in or incorrect menu location
[04-Jun-2025 16:29:10 UTC] Function called with theme location: menu-2
[04-Jun-2025 16:29:10 UTC] User is not logged in or incorrect menu location
[04-Jun-2025 16:31:24 UTC] Function called with theme location: 
[04-Jun-2025 16:31:24 UTC] User is not logged in or incorrect menu location
[04-Jun-2025 16:31:24 UTC] Function called with theme location: 
[04-Jun-2025 16:31:24 UTC] User is not logged in or incorrect menu location
[04-Jun-2025 16:31:24 UTC] Function called with theme location: menu-2
[04-Jun-2025 16:31:24 UTC] User is not logged in or incorrect menu location
[04-Jun-2025 16:41:04 UTC] Function called with theme location: 
[04-Jun-2025 16:41:04 UTC] User is not logged in or incorrect menu location
[04-Jun-2025 16:41:04 UTC] Function called with theme location: 
[04-Jun-2025 16:41:04 UTC] User is not logged in or incorrect menu location
[04-Jun-2025 16:41:04 UTC] Function called with theme location: menu-2
[04-Jun-2025 16:41:04 UTC] User is not logged in or incorrect menu location
[04-Jun-2025 16:41:05 UTC] Function called with theme location: 
[04-Jun-2025 16:41:05 UTC] User is not logged in or incorrect menu location
[04-Jun-2025 16:41:06 UTC] Function called with theme location: 
[04-Jun-2025 16:41:06 UTC] User is not logged in or incorrect menu location
[04-Jun-2025 16:41:06 UTC] Function called with theme location: menu-2
[04-Jun-2025 16:41:06 UTC] User is not logged in or incorrect menu location
[04-Jun-2025 16:41:11 UTC] Function called with theme location: 
[04-Jun-2025 16:41:11 UTC] User is not logged in or incorrect menu location
[04-Jun-2025 16:41:11 UTC] Function called with theme location: 
[04-Jun-2025 16:41:11 UTC] User is not logged in or incorrect menu location
[04-Jun-2025 16:41:11 UTC] Function called with theme location: menu-2
[04-Jun-2025 16:41:11 UTC] User is not logged in or incorrect menu location
[04-Jun-2025 16:41:44 UTC] Function called with theme location: 
[04-Jun-2025 16:41:44 UTC] User is not logged in or incorrect menu location
[04-Jun-2025 16:41:44 UTC] Function called with theme location: 
[04-Jun-2025 16:41:44 UTC] User is not logged in or incorrect menu location
[04-Jun-2025 16:41:44 UTC] Function called with theme location: menu-2
[04-Jun-2025 16:41:44 UTC] User is not logged in or incorrect menu location
[04-Jun-2025 16:41:52 UTC] Function called with theme location: 
[04-Jun-2025 16:41:52 UTC] User is not logged in or incorrect menu location
[04-Jun-2025 16:41:52 UTC] Function called with theme location: 
[04-Jun-2025 16:41:52 UTC] User is not logged in or incorrect menu location
[04-Jun-2025 16:41:52 UTC] Function called with theme location: menu-2
[04-Jun-2025 16:41:52 UTC] User is not logged in or incorrect menu location
[04-Jun-2025 16:41:54 UTC] Function called with theme location: 
[04-Jun-2025 16:41:54 UTC] User is not logged in or incorrect menu location
[04-Jun-2025 16:41:54 UTC] Function called with theme location: 
[04-Jun-2025 16:41:54 UTC] User is not logged in or incorrect menu location
[04-Jun-2025 16:41:54 UTC] Function called with theme location: menu-2
[04-Jun-2025 16:41:54 UTC] User is not logged in or incorrect menu location
[04-Jun-2025 16:48:34 UTC] Function called with theme location: 
[04-Jun-2025 16:48:34 UTC] User is not logged in or incorrect menu location
[04-Jun-2025 16:48:34 UTC] Function called with theme location: 
[04-Jun-2025 16:48:34 UTC] User is not logged in or incorrect menu location
[04-Jun-2025 16:48:34 UTC] Function called with theme location: menu-2
[04-Jun-2025 16:48:34 UTC] User is not logged in or incorrect menu location
[04-Jun-2025 16:49:03 UTC] PHP Warning:  wp_version_check(): Une erreur imprévue s’est produite. Il pourrait y avoir un problème avec WordPress.org ou la configuration de ce serveur. Si vous continuez à rencontrer ce problème, veuillez vous rendre sur les <a href="https://wpfr.net/support">forums de support</a>. (WordPress n’a pas pu établir de connexion sécurisée vers WordPress.org. Veuillez contacter l’administrateur ou l’administratrice de votre serveur.) in C:\Users\carol\Local Sites\planty\app\public\wp-includes\functions.php on line 6121
[04-Jun-2025 16:49:03 UTC] PHP Warning:  wp_version_check(): Une erreur imprévue s’est produite. Il pourrait y avoir un problème avec WordPress.org ou la configuration de ce serveur. Si vous continuez à rencontrer ce problème, veuillez vous rendre sur les <a href="https://wpfr.net/support">forums de support</a>. (WordPress n’a pas pu établir de connexion sécurisée vers WordPress.org. Veuillez contacter l’administrateur ou l’administratrice de votre serveur.) in C:\Users\carol\Local Sites\planty\app\public\wp-includes\functions.php on line 6121
[04-Jun-2025 16:49:03 UTC] PHP Warning:  wp_version_check(): Une erreur imprévue s’est produite. Il pourrait y avoir un problème avec WordPress.org ou la configuration de ce serveur. Si vous continuez à rencontrer ce problème, veuillez vous rendre sur les <a href="https://wpfr.net/support">forums de support</a>. (WordPress n’a pas pu établir de connexion sécurisée vers WordPress.org. Veuillez contacter l’administrateur ou l’administratrice de votre serveur.) in C:\Users\carol\Local Sites\planty\app\public\wp-includes\functions.php on line 6121
[04-Jun-2025 16:49:05 UTC] Function called with theme location: 
[04-Jun-2025 16:49:05 UTC] User is not logged in or incorrect menu location
[04-Jun-2025 16:49:05 UTC] Function called with theme location: 
[04-Jun-2025 16:49:05 UTC] User is not logged in or incorrect menu location
[04-Jun-2025 16:49:05 UTC] Function called with theme location: menu-2
[04-Jun-2025 16:49:05 UTC] User is not logged in or incorrect menu location
[04-Jun-2025 16:49:10 UTC] Function called with theme location: 
[04-Jun-2025 16:49:10 UTC] User is not logged in or incorrect menu location
[04-Jun-2025 16:49:10 UTC] Function called with theme location: 
[04-Jun-2025 16:49:10 UTC] User is not logged in or incorrect menu location
[04-Jun-2025 16:49:10 UTC] Function called with theme location: menu-2
[04-Jun-2025 16:49:10 UTC] User is not logged in or incorrect menu location
[04-Jun-2025 16:49:12 UTC] Function called with theme location: 
[04-Jun-2025 16:49:12 UTC] User is not logged in or incorrect menu location
[04-Jun-2025 16:49:12 UTC] Function called with theme location: 
[04-Jun-2025 16:49:12 UTC] User is not logged in or incorrect menu location
[04-Jun-2025 16:49:12 UTC] Function called with theme location: menu-2
[04-Jun-2025 16:49:12 UTC] User is not logged in or incorrect menu location
[04-Jun-2025 16:49:14 UTC] Function called with theme location: 
[04-Jun-2025 16:49:14 UTC] User is not logged in or incorrect menu location
[04-Jun-2025 16:49:14 UTC] Function called with theme location: 
[04-Jun-2025 16:49:14 UTC] User is not logged in or incorrect menu location
[04-Jun-2025 16:49:14 UTC] Function called with theme location: menu-2
[04-Jun-2025 16:49:14 UTC] User is not logged in or incorrect menu location
[04-Jun-2025 16:49:23 UTC] Function called with theme location: 
[04-Jun-2025 16:49:23 UTC] User is not logged in or incorrect menu location
[04-Jun-2025 16:49:23 UTC] Function called with theme location: 
[04-Jun-2025 16:49:23 UTC] User is not logged in or incorrect menu location
[04-Jun-2025 16:49:23 UTC] Function called with theme location: menu-2
[04-Jun-2025 16:49:23 UTC] User is not logged in or incorrect menu location
[04-Jun-2025 18:46:46 UTC] Function called with theme location: 
[04-Jun-2025 18:46:46 UTC] User is not logged in or incorrect menu location
[04-Jun-2025 18:46:46 UTC] Function called with theme location: 
[04-Jun-2025 18:46:46 UTC] User is not logged in or incorrect menu location
[04-Jun-2025 18:46:46 UTC] Function called with theme location: menu-2
[04-Jun-2025 18:46:46 UTC] User is not logged in or incorrect menu location
[05-Jun-2025 07:56:23 UTC] PHP Fatal error:  Cannot redeclare ajouter_lien_admin_menu() (previously declared in C:\Users\carol\Local Sites\planty\app\public\wp-content\themes\hello-elementor-child\functions.php:36) in C:\Users\carol\Local Sites\planty\app\public\wp-content\themes\hello-elementor-child\functions.php on line 48
[05-Jun-2025 07:57:14 UTC] PHP Fatal error:  Cannot redeclare ajouter_lien_admin_menu() (previously declared in C:\Users\carol\Local Sites\planty\app\public\wp-content\themes\hello-elementor-child\functions.php:36) in C:\Users\carol\Local Sites\planty\app\public\wp-content\themes\hello-elementor-child\functions.php on line 48
[05-Jun-2025 07:57:14 UTC] PHP Fatal error:  Cannot redeclare ajouter_lien_admin_menu() (previously declared in C:\Users\carol\Local Sites\planty\app\public\wp-content\themes\hello-elementor-child\functions.php:36) in C:\Users\carol\Local Sites\planty\app\public\wp-content\themes\hello-elementor-child\functions.php on line 48
[05-Jun-2025 07:57:15 UTC] PHP Fatal error:  Cannot redeclare ajouter_lien_admin_menu() (previously declared in C:\Users\carol\Local Sites\planty\app\public\wp-content\themes\hello-elementor-child\functions.php:36) in C:\Users\carol\Local Sites\planty\app\public\wp-content\themes\hello-elementor-child\functions.php on line 48
[05-Jun-2025 07:57:15 UTC] PHP Fatal error:  Cannot redeclare ajouter_lien_admin_menu() (previously declared in C:\Users\carol\Local Sites\planty\app\public\wp-content\themes\hello-elementor-child\functions.php:36) in C:\Users\carol\Local Sites\planty\app\public\wp-content\themes\hello-elementor-child\functions.php on line 48
[05-Jun-2025 07:57:21 UTC] PHP Fatal error:  Cannot redeclare ajouter_lien_admin_menu() (previously declared in C:\Users\carol\Local Sites\planty\app\public\wp-content\themes\hello-elementor-child\functions.php:36) in C:\Users\carol\Local Sites\planty\app\public\wp-content\themes\hello-elementor-child\functions.php on line 48
[05-Jun-2025 07:57:21 UTC] PHP Fatal error:  Cannot redeclare ajouter_lien_admin_menu() (previously declared in C:\Users\carol\Local Sites\planty\app\public\wp-content\themes\hello-elementor-child\functions.php:36) in C:\Users\carol\Local Sites\planty\app\public\wp-content\themes\hello-elementor-child\functions.php on line 48
[05-Jun-2025 07:57:39 UTC] PHP Fatal error:  Cannot redeclare ajouter_lien_admin_menu() (previously declared in C:\Users\carol\Local Sites\planty\app\public\wp-content\themes\hello-elementor-child\functions.php:36) in C:\Users\carol\Local Sites\planty\app\public\wp-content\themes\hello-elementor-child\functions.php on line 48
[05-Jun-2025 07:57:39 UTC] PHP Fatal error:  Cannot redeclare ajouter_lien_admin_menu() (previously declared in C:\Users\carol\Local Sites\planty\app\public\wp-content\themes\hello-elementor-child\functions.php:36) in C:\Users\carol\Local Sites\planty\app\public\wp-content\themes\hello-elementor-child\functions.php on line 48
[05-Jun-2025 08:00:40 UTC] Function called with theme location: 
[05-Jun-2025 08:00:40 UTC] Incorrect menu location: 
[05-Jun-2025 08:00:40 UTC] Function called with theme location: 
[05-Jun-2025 08:00:40 UTC] Incorrect menu location: 
[05-Jun-2025 08:00:40 UTC] Function called with theme location: menu-2
[05-Jun-2025 08:00:40 UTC] User is logged in and correct menu location
[05-Jun-2025 08:00:41 UTC] Automatic updates starting...
[05-Jun-2025 08:00:42 UTC] Automatic updates complete.
[05-Jun-2025 08:00:53 UTC] Function called with theme location: 
[05-Jun-2025 08:00:53 UTC] Incorrect menu location: 
[05-Jun-2025 08:00:53 UTC] Function called with theme location: 
[05-Jun-2025 08:00:53 UTC] Incorrect menu location: 
[05-Jun-2025 08:00:53 UTC] Function called with theme location: menu-2
[05-Jun-2025 08:00:53 UTC] User is logged in and correct menu location
[05-Jun-2025 08:02:49 UTC] Function called with theme location: 
[05-Jun-2025 08:02:49 UTC] Incorrect menu location: 
[05-Jun-2025 08:02:49 UTC] Function called with theme location: 
[05-Jun-2025 08:02:49 UTC] Incorrect menu location: 
[05-Jun-2025 08:02:49 UTC] Function called with theme location: menu-2
[05-Jun-2025 08:02:49 UTC] User is logged in and correct menu location
[05-Jun-2025 08:17:30 UTC] PHP Parse error:  Unclosed '{' on line 36 in C:\Users\carol\Local Sites\planty\app\public\wp-content\themes\hello-elementor-child\functions.php on line 49
[05-Jun-2025 08:17:30 UTC] PHP Parse error:  Unclosed '{' on line 36 in C:\Users\carol\Local Sites\planty\app\public\wp-content\themes\hello-elementor-child\functions.php on line 49
[05-Jun-2025 08:18:04 UTC] Function called with theme location: 
[05-Jun-2025 08:18:04 UTC] Incorrect menu location: 
[05-Jun-2025 08:18:04 UTC] Function called with theme location: 
[05-Jun-2025 08:18:04 UTC] Incorrect menu location: 
[05-Jun-2025 08:18:04 UTC] Function called with theme location: menu-2
[05-Jun-2025 08:18:04 UTC] User is logged in and correct menu location
[05-Jun-2025 08:42:13 UTC] PHP Warning:  Undefined variable $args in C:\Users\carol\Local Sites\planty\app\public\wp-content\themes\hello-elementor-child\functions.php on line 56
[05-Jun-2025 08:42:13 UTC] PHP Warning:  Attempt to read property "theme_location" on null in C:\Users\carol\Local Sites\planty\app\public\wp-content\themes\hello-elementor-child\functions.php on line 56
[05-Jun-2025 08:42:13 UTC] Emplacement du menu : 
[05-Jun-2025 08:42:13 UTC] PHP Warning:  Undefined variable $args in C:\Users\carol\Local Sites\planty\app\public\wp-content\themes\hello-elementor-child\functions.php on line 56
[05-Jun-2025 08:42:13 UTC] PHP Warning:  Attempt to read property "theme_location" on null in C:\Users\carol\Local Sites\planty\app\public\wp-content\themes\hello-elementor-child\functions.php on line 56
[05-Jun-2025 08:42:13 UTC] Emplacement du menu : 
[05-Jun-2025 08:43:07 UTC] PHP Warning:  Undefined variable $args in C:\Users\carol\Local Sites\planty\app\public\wp-content\themes\hello-elementor-child\functions.php on line 56
[05-Jun-2025 08:43:07 UTC] PHP Warning:  Attempt to read property "theme_location" on null in C:\Users\carol\Local Sites\planty\app\public\wp-content\themes\hello-elementor-child\functions.php on line 56
[05-Jun-2025 08:43:07 UTC] Emplacement du menu : 
[05-Jun-2025 08:43:07 UTC] PHP Warning:  Undefined variable $args in C:\Users\carol\Local Sites\planty\app\public\wp-content\themes\hello-elementor-child\functions.php on line 56
[05-Jun-2025 08:43:07 UTC] PHP Warning:  Attempt to read property "theme_location" on null in C:\Users\carol\Local Sites\planty\app\public\wp-content\themes\hello-elementor-child\functions.php on line 56
[05-Jun-2025 08:43:07 UTC] Emplacement du menu : 
[05-Jun-2025 08:47:28 UTC] PHP Warning:  Undefined variable $args in C:\Users\carol\Local Sites\planty\app\public\wp-content\themes\hello-elementor-child\functions.php on line 56
[05-Jun-2025 08:47:28 UTC] PHP Warning:  Attempt to read property "theme_location" on null in C:\Users\carol\Local Sites\planty\app\public\wp-content\themes\hello-elementor-child\functions.php on line 56
[05-Jun-2025 08:47:28 UTC] Emplacement du menu : 
[05-Jun-2025 08:47:28 UTC] PHP Warning:  Undefined variable $args in C:\Users\carol\Local Sites\planty\app\public\wp-content\themes\hello-elementor-child\functions.php on line 56
[05-Jun-2025 08:47:28 UTC] PHP Warning:  Attempt to read property "theme_location" on null in C:\Users\carol\Local Sites\planty\app\public\wp-content\themes\hello-elementor-child\functions.php on line 56
[05-Jun-2025 08:47:28 UTC] Emplacement du menu : 
[05-Jun-2025 08:47:30 UTC] PHP Warning:  Undefined variable $args in C:\Users\carol\Local Sites\planty\app\public\wp-content\themes\hello-elementor-child\functions.php on line 56
[05-Jun-2025 08:47:30 UTC] PHP Warning:  Attempt to read property "theme_location" on null in C:\Users\carol\Local Sites\planty\app\public\wp-content\themes\hello-elementor-child\functions.php on line 56
[05-Jun-2025 08:47:30 UTC] Emplacement du menu : 
[05-Jun-2025 08:47:31 UTC] PHP Warning:  Undefined variable $args in C:\Users\carol\Local Sites\planty\app\public\wp-content\themes\hello-elementor-child\functions.php on line 56
[05-Jun-2025 08:47:31 UTC] PHP Warning:  Attempt to read property "theme_location" on null in C:\Users\carol\Local Sites\planty\app\public\wp-content\themes\hello-elementor-child\functions.php on line 56
[05-Jun-2025 08:47:31 UTC] Emplacement du menu : 
[05-Jun-2025 08:56:57 UTC] PHP Fatal error:  Uncaught TypeError: call_user_func_array(): Argument #1 ($callback) must be a valid callback, function "ajouter_lien_connexion_menu" not found or invalid function name in C:\Users\carol\Local Sites\planty\app\public\wp-includes\class-wp-hook.php:324
Stack trace:
#0 C:\Users\carol\Local Sites\planty\app\public\wp-includes\plugin.php(205): WP_Hook->apply_filters('<li id="menu-it...', Array)
#1 C:\Users\carol\Local Sites\planty\app\public\wp-includes\nav-menu-template.php(272): apply_filters('wp_nav_menu_ite...', '<li id="menu-it...', Object(stdClass))
#2 C:\Users\carol\Local Sites\planty\app\public\wp-content\plugins\header-footer-elementor\inc\widgets-manager\widgets\navigation-menu\navigation-menu.php(2022): wp_nav_menu(Object(stdClass))
#3 C:\Users\carol\Local Sites\planty\app\public\wp-content\plugins\elementor\includes\base\controls-stack.php(2374): HFE\WidgetsManager\Widgets\NavigationMenu\Navigation_Menu->render()
#4 C:\Users\carol\Local Sites\planty\app\public\wp-content\plugins\elementor\includes\base\widget-base.php(636): Elementor\Controls_Stack->render_by_mode()
#5 C:\Users\carol\Local Sites\planty\app\public\wp-content\plugins\elementor\includes\base\widget-base.php(774): Elementor\Widget_Base->render_content()
#6 C:\Users\carol\Local Sites\planty\app\public\wp-content\plugins\elementor\includes\base\element-base.php(492): Elementor\Widget_Base->print_content()
#7 C:\Users\carol\Local Sites\planty\app\public\wp-content\plugins\elementor\modules\element-cache\module.php(91): Elementor\Element_Base->print_element()
#8 C:\Users\carol\Local Sites\planty\app\public\wp-includes\shortcodes.php(434): Elementor\Modules\ElementCache\Module->Elementor\Modules\ElementCache\{closure}(Array, '', 'elementor-eleme...')
#9 [internal function]: do_shortcode_tag(Array)
#10 C:\Users\carol\Local Sites\planty\app\public\wp-includes\shortcodes.php(273): preg_replace_callback('/\\[(\\[?)(elemen...', 'do_shortcode_ta...', '<div class="ele...')
#11 C:\Users\carol\Local Sites\planty\app\public\wp-content\plugins\elementor\core\base\document.php(1875): do_shortcode('<div class="ele...')
#12 C:\Users\carol\Local Sites\planty\app\public\wp-content\plugins\elementor\core\base\document.php(1208): Elementor\Core\Base\Document->print_elements(Array)
#13 C:\Users\carol\Local Sites\planty\app\public\wp-content\plugins\elementor\includes\frontend.php(1201): Elementor\Core\Base\Document->print_elements_with_wrapper(Array)
#14 C:\Users\carol\Local Sites\planty\app\public\wp-content\plugins\elementor\includes\frontend.php(1269): Elementor\Frontend->get_builder_content('285', false)
#15 C:\Users\carol\Local Sites\planty\app\public\wp-content\plugins\header-footer-elementor\inc\class-header-footer-elementor.php(635): Elementor\Frontend->get_builder_content_for_display('285')
#16 C:\Users\carol\Local Sites\planty\app\public\wp-content\plugins\header-footer-elementor\inc\hfe-functions.php(89): Header_Footer_Elementor::get_header_content()
#17 C:\Users\carol\Local Sites\planty\app\public\wp-includes\class-wp-hook.php(324): hfe_render_header('')
#18 C:\Users\carol\Local Sites\planty\app\public\wp-includes\class-wp-hook.php(348): WP_Hook->apply_filters('', Array)
#19 C:\Users\carol\Local Sites\planty\app\public\wp-includes\plugin.php(517): WP_Hook->do_action(Array)
#20 C:\Users\carol\Local Sites\planty\app\public\wp-content\plugins\header-footer-elementor\themes\default\hfe-header.php(23): do_action('hfe_header')
#21 C:\Users\carol\Local Sites\planty\app\public\wp-content\plugins\header-footer-elementor\themes\default\class-hfe-default-compat.php(64): require('C:\\Users\\carol\\...')
#22 C:\Users\carol\Local Sites\planty\app\public\wp-includes\class-wp-hook.php(326): HFE\Themes\HFE_Default_Compat->override_header(NULL)
#23 C:\Users\carol\Local Sites\planty\app\public\wp-includes\class-wp-hook.php(348): WP_Hook->apply_filters(NULL, Array)
#24 C:\Users\carol\Local Sites\planty\app\public\wp-includes\plugin.php(517): WP_Hook->do_action(Array)
#25 C:\Users\carol\Local Sites\planty\app\public\wp-includes\general-template.php(38): do_action('get_header', NULL, Array)
#26 C:\Users\carol\Local Sites\planty\app\public\wp-content\themes\hello-elementor\index.php(14): get_header()
#27 C:\Users\carol\Local Sites\planty\app\public\wp-includes\template-loader.php(106): include('C:\\Users\\carol\\...')
#28 C:\Users\carol\Local Sites\planty\app\public\wp-blog-header.php(19): require_once('C:\\Users\\carol\\...')
#29 C:\Users\carol\Local Sites\planty\app\public\index.php(17): require('C:\\Users\\carol\\...')
#30 {main}
  thrown in C:\Users\carol\Local Sites\planty\app\public\wp-includes\class-wp-hook.php on line 324
[05-Jun-2025 20:11:15 UTC] Automatic updates starting...
[05-Jun-2025 20:11:16 UTC] Automatic updates complete.
[05-Jun-2025 20:24:25 UTC] PHP Warning:  wp_version_check(): Une erreur imprévue s’est produite. Il pourrait y avoir un problème avec WordPress.org ou la configuration de ce serveur. Si vous continuez à rencontrer ce problème, veuillez vous rendre sur les <a href="https://wpfr.net/support">forums de support</a>. (WordPress n’a pas pu établir de connexion sécurisée vers WordPress.org. Veuillez contacter l’administrateur ou l’administratrice de votre serveur.) in C:\Users\carol\Local Sites\planty\app\public\wp-includes\functions.php on line 6121
[05-Jun-2025 20:24:25 UTC] PHP Warning:  wp_version_check(): Une erreur imprévue s’est produite. Il pourrait y avoir un problème avec WordPress.org ou la configuration de ce serveur. Si vous continuez à rencontrer ce problème, veuillez vous rendre sur les <a href="https://wpfr.net/support">forums de support</a>. (WordPress n’a pas pu établir de connexion sécurisée vers WordPress.org. Veuillez contacter l’administrateur ou l’administratrice de votre serveur.) in C:\Users\carol\Local Sites\planty\app\public\wp-includes\functions.php on line 6121
[05-Jun-2025 20:26:51 UTC] PHP Warning:  Attempt to read property "title" on null in C:\Users\carol\Local Sites\planty\app\public\wp-includes\class-wp-customize-widgets.php on line 926
[05-Jun-2025 20:27:40 UTC] PHP Warning:  wp_version_check(): Une erreur imprévue s’est produite. Il pourrait y avoir un problème avec WordPress.org ou la configuration de ce serveur. Si vous continuez à rencontrer ce problème, veuillez vous rendre sur les <a href="https://wpfr.net/support">forums de support</a>. (WordPress n’a pas pu établir de connexion sécurisée vers WordPress.org. Veuillez contacter l’administrateur ou l’administratrice de votre serveur.) in C:\Users\carol\Local Sites\planty\app\public\wp-includes\functions.php on line 6121
[05-Jun-2025 20:28:20 UTC] PHP Warning:  Constant WP_DEBUG already defined in C:\Users\carol\Local Sites\planty\app\public\wp-content\themes\hello-elementor-child\functions.php on line 3
[05-Jun-2025 20:28:20 UTC] PHP Stack trace:
[05-Jun-2025 20:28:20 UTC] PHP   1. {main}() C:\Users\carol\Local Sites\planty\app\public\wp-admin\tools.php:0
[05-Jun-2025 20:28:20 UTC] PHP   2. require_once() C:\Users\carol\Local Sites\planty\app\public\wp-admin\tools.php:40
[05-Jun-2025 20:28:20 UTC] PHP   3. require_once() C:\Users\carol\Local Sites\planty\app\public\wp-admin\admin.php:35
[05-Jun-2025 20:28:20 UTC] PHP   4. require_once() C:\Users\carol\Local Sites\planty\app\public\wp-load.php:50
[05-Jun-2025 20:28:20 UTC] PHP   5. require_once() C:\Users\carol\Local Sites\planty\app\public\wp-config.php:115
[05-Jun-2025 20:28:20 UTC] PHP   6. include() C:\Users\carol\Local Sites\planty\app\public\wp-settings.php:695
[05-Jun-2025 20:28:20 UTC] PHP   7. define($constant_name = 'WP_DEBUG', $value = TRUE) C:\Users\carol\Local Sites\planty\app\public\wp-content\themes\hello-elementor-child\functions.php:3
[05-Jun-2025 20:28:23 UTC] PHP Warning:  Constant WP_DEBUG already defined in C:\Users\carol\Local Sites\planty\app\public\wp-content\themes\hello-elementor-child\functions.php on line 3
[05-Jun-2025 20:28:23 UTC] PHP Stack trace:
[05-Jun-2025 20:28:23 UTC] PHP   1. {main}() C:\Users\carol\Local Sites\planty\app\public\wp-admin\admin-ajax.php:0
[05-Jun-2025 20:28:23 UTC] PHP   2. require_once() C:\Users\carol\Local Sites\planty\app\public\wp-admin\admin-ajax.php:22
[05-Jun-2025 20:28:23 UTC] PHP   3. require_once() C:\Users\carol\Local Sites\planty\app\public\wp-load.php:50
[05-Jun-2025 20:28:23 UTC] PHP   4. require_once() C:\Users\carol\Local Sites\planty\app\public\wp-config.php:115
[05-Jun-2025 20:28:23 UTC] PHP   5. include() C:\Users\carol\Local Sites\planty\app\public\wp-settings.php:695
[05-Jun-2025 20:28:23 UTC] PHP   6. define($constant_name = 'WP_DEBUG', $value = TRUE) C:\Users\carol\Local Sites\planty\app\public\wp-content\themes\hello-elementor-child\functions.php:3
[05-Jun-2025 20:28:24 UTC] PHP Warning:  Constant WP_DEBUG already defined in C:\Users\carol\Local Sites\planty\app\public\wp-content\themes\hello-elementor-child\functions.php on line 3
[05-Jun-2025 20:28:24 UTC] PHP Stack trace:
[05-Jun-2025 20:28:24 UTC] PHP   1. {main}() C:\Users\carol\Local Sites\planty\app\public\wp-admin\admin-ajax.php:0
[05-Jun-2025 20:28:24 UTC] PHP   2. require_once() C:\Users\carol\Local Sites\planty\app\public\wp-admin\admin-ajax.php:22
[05-Jun-2025 20:28:24 UTC] PHP   3. require_once() C:\Users\carol\Local Sites\planty\app\public\wp-load.php:50
[05-Jun-2025 20:28:24 UTC] PHP   4. require_once() C:\Users\carol\Local Sites\planty\app\public\wp-config.php:115
[05-Jun-2025 20:28:24 UTC] PHP   5. include() C:\Users\carol\Local Sites\planty\app\public\wp-settings.php:695
[05-Jun-2025 20:28:24 UTC] PHP   6. define($constant_name = 'WP_DEBUG', $value = TRUE) C:\Users\carol\Local Sites\planty\app\public\wp-content\themes\hello-elementor-child\functions.php:3
[05-Jun-2025 20:28:27 UTC] PHP Warning:  Constant WP_DEBUG already defined in C:\Users\carol\Local Sites\planty\app\public\wp-content\themes\hello-elementor-child\functions.php on line 3
[05-Jun-2025 20:28:27 UTC] PHP Stack trace:
[05-Jun-2025 20:28:27 UTC] PHP   1. {main}() C:\Users\carol\Local Sites\planty\app\public\wp-admin\admin-ajax.php:0
[05-Jun-2025 20:28:27 UTC] PHP   2. require_once() C:\Users\carol\Local Sites\planty\app\public\wp-admin\admin-ajax.php:22
[05-Jun-2025 20:28:27 UTC] PHP   3. require_once() C:\Users\carol\Local Sites\planty\app\public\wp-load.php:50
[05-Jun-2025 20:28:27 UTC] PHP   4. require_once() C:\Users\carol\Local Sites\planty\app\public\wp-config.php:115
[05-Jun-2025 20:28:27 UTC] PHP   5. include() C:\Users\carol\Local Sites\planty\app\public\wp-settings.php:695
[05-Jun-2025 20:28:27 UTC] PHP   6. define($constant_name = 'WP_DEBUG', $value = TRUE) C:\Users\carol\Local Sites\planty\app\public\wp-content\themes\hello-elementor-child\functions.php:3
[05-Jun-2025 20:28:27 UTC] PHP Warning:  Constant WP_DEBUG already defined in C:\Users\carol\Local Sites\planty\app\public\wp-content\themes\hello-elementor-child\functions.php on line 3
[05-Jun-2025 20:28:27 UTC] PHP Stack trace:
[05-Jun-2025 20:28:27 UTC] PHP   1. {main}() C:\Users\carol\Local Sites\planty\app\public\index.php:0
[05-Jun-2025 20:28:27 UTC] PHP   2. require() C:\Users\carol\Local Sites\planty\app\public\index.php:17
[05-Jun-2025 20:28:27 UTC] PHP   3. require_once() C:\Users\carol\Local Sites\planty\app\public\wp-blog-header.php:13
[05-Jun-2025 20:28:27 UTC] PHP   4. require_once() C:\Users\carol\Local Sites\planty\app\public\wp-load.php:50
[05-Jun-2025 20:28:27 UTC] PHP   5. require_once() C:\Users\carol\Local Sites\planty\app\public\wp-config.php:115
[05-Jun-2025 20:28:27 UTC] PHP   6. include() C:\Users\carol\Local Sites\planty\app\public\wp-settings.php:695
[05-Jun-2025 20:28:27 UTC] PHP   7. define($constant_name = 'WP_DEBUG', $value = TRUE) C:\Users\carol\Local Sites\planty\app\public\wp-content\themes\hello-elementor-child\functions.php:3
[05-Jun-2025 20:28:30 UTC] PHP Warning:  Constant WP_DEBUG already defined in C:\Users\carol\Local Sites\planty\app\public\wp-content\themes\hello-elementor-child\functions.php on line 3
[05-Jun-2025 20:28:30 UTC] PHP Stack trace:
[05-Jun-2025 20:28:30 UTC] PHP   1. {main}() C:\Users\carol\Local Sites\planty\app\public\wp-admin\index.php:0
[05-Jun-2025 20:28:30 UTC] PHP   2. require_once() C:\Users\carol\Local Sites\planty\app\public\wp-admin\index.php:10
[05-Jun-2025 20:28:30 UTC] PHP   3. require_once() C:\Users\carol\Local Sites\planty\app\public\wp-admin\admin.php:35
[05-Jun-2025 20:28:30 UTC] PHP   4. require_once() C:\Users\carol\Local Sites\planty\app\public\wp-load.php:50
[05-Jun-2025 20:28:30 UTC] PHP   5. require_once() C:\Users\carol\Local Sites\planty\app\public\wp-config.php:115
[05-Jun-2025 20:28:30 UTC] PHP   6. include() C:\Users\carol\Local Sites\planty\app\public\wp-settings.php:695
[05-Jun-2025 20:28:30 UTC] PHP   7. define($constant_name = 'WP_DEBUG', $value = TRUE) C:\Users\carol\Local Sites\planty\app\public\wp-content\themes\hello-elementor-child\functions.php:3
[05-Jun-2025 20:28:35 UTC] PHP Warning:  Constant WP_DEBUG already defined in C:\Users\carol\Local Sites\planty\app\public\wp-content\themes\hello-elementor-child\functions.php on line 3
[05-Jun-2025 20:28:35 UTC] PHP Stack trace:
[05-Jun-2025 20:28:35 UTC] PHP Warning:  Constant WP_DEBUG already defined in C:\Users\carol\Local Sites\planty\app\public\wp-content\themes\hello-elementor-child\functions.php on line 3
[05-Jun-2025 20:28:35 UTC] PHP   1. {main}() C:\Users\carol\Local Sites\planty\app\public\wp-admin\admin-ajax.php:0
[05-Jun-2025 20:28:35 UTC] PHP   2. require_once() C:\Users\carol\Local Sites\planty\app\public\wp-admin\admin-ajax.php:22
[05-Jun-2025 20:28:35 UTC] PHP Stack trace:
[05-Jun-2025 20:28:35 UTC] PHP   1. {main}() C:\Users\carol\Local Sites\planty\app\public\wp-admin\admin-ajax.php:0
[05-Jun-2025 20:28:35 UTC] PHP   3. require_once() C:\Users\carol\Local Sites\planty\app\public\wp-load.php:50
[05-Jun-2025 20:28:35 UTC] PHP   2. require_once() C:\Users\carol\Local Sites\planty\app\public\wp-admin\admin-ajax.php:22
[05-Jun-2025 20:28:35 UTC] PHP   4. require_once() C:\Users\carol\Local Sites\planty\app\public\wp-config.php:115
[05-Jun-2025 20:28:35 UTC] PHP   3. require_once() C:\Users\carol\Local Sites\planty\app\public\wp-load.php:50
[05-Jun-2025 20:28:35 UTC] PHP   5. include() C:\Users\carol\Local Sites\planty\app\public\wp-settings.php:695
[05-Jun-2025 20:28:35 UTC] PHP   4. require_once() C:\Users\carol\Local Sites\planty\app\public\wp-config.php:115
[05-Jun-2025 20:28:35 UTC] PHP   6. define($constant_name = 'WP_DEBUG', $value = TRUE) C:\Users\carol\Local Sites\planty\app\public\wp-content\themes\hello-elementor-child\functions.php:3
[05-Jun-2025 20:28:35 UTC] PHP   5. include() C:\Users\carol\Local Sites\planty\app\public\wp-settings.php:695
[05-Jun-2025 20:28:35 UTC] PHP   6. define($constant_name = 'WP_DEBUG', $value = TRUE) C:\Users\carol\Local Sites\planty\app\public\wp-content\themes\hello-elementor-child\functions.php:3
[05-Jun-2025 20:29:35 UTC] PHP Warning:  Constant WP_DEBUG already defined in C:\Users\carol\Local Sites\planty\app\public\wp-content\themes\hello-elementor-child\functions.php on line 3
[05-Jun-2025 20:29:35 UTC] PHP Stack trace:
[05-Jun-2025 20:29:35 UTC] PHP   1. {main}() C:\Users\carol\Local Sites\planty\app\public\wp-admin\admin-ajax.php:0
[05-Jun-2025 20:29:35 UTC] PHP   2. require_once() C:\Users\carol\Local Sites\planty\app\public\wp-admin\admin-ajax.php:22
[05-Jun-2025 20:29:35 UTC] PHP   3. require_once() C:\Users\carol\Local Sites\planty\app\public\wp-load.php:50
[05-Jun-2025 20:29:35 UTC] PHP   4. require_once() C:\Users\carol\Local Sites\planty\app\public\wp-config.php:115
[05-Jun-2025 20:29:35 UTC] PHP   5. include() C:\Users\carol\Local Sites\planty\app\public\wp-settings.php:695
[05-Jun-2025 20:29:35 UTC] PHP   6. define($constant_name = 'WP_DEBUG', $value = TRUE) C:\Users\carol\Local Sites\planty\app\public\wp-content\themes\hello-elementor-child\functions.php:3
[05-Jun-2025 20:51:38 UTC] PHP Warning:  Attempt to read property "title" on null in C:\Users\carol\Local Sites\planty\app\public\wp-includes\class-wp-customize-widgets.php on line 926
[05-Jun-2025 20:51:38 UTC] PHP Stack trace:
[05-Jun-2025 20:51:38 UTC] PHP   1. {main}() C:\Users\carol\Local Sites\planty\app\public\wp-admin\customize.php:0
[05-Jun-2025 20:51:38 UTC] PHP   2. do_action($hook_name = 'customize_controls_print_footer_scripts') C:\Users\carol\Local Sites\planty\app\public\wp-admin\customize.php:306
[05-Jun-2025 20:51:38 UTC] PHP   3. WP_Hook->do_action($args = [0 => '']) C:\Users\carol\Local Sites\planty\app\public\wp-includes\plugin.php:517
[05-Jun-2025 20:51:38 UTC] PHP   4. WP_Hook->apply_filters($value = '', $args = [0 => '']) C:\Users\carol\Local Sites\planty\app\public\wp-includes\class-wp-hook.php:348
[05-Jun-2025 20:51:38 UTC] PHP   5. WP_Customize_Widgets->output_widget_control_templates('') C:\Users\carol\Local Sites\planty\app\public\wp-includes\class-wp-hook.php:324
[05-Jun-2025 21:10:29 UTC] PHP Warning:  Attempt to read property "title" on null in C:\Users\carol\Local Sites\planty\app\public\wp-includes\class-wp-customize-widgets.php on line 926
[05-Jun-2025 21:10:29 UTC] PHP Stack trace:
[05-Jun-2025 21:10:29 UTC] PHP   1. {main}() C:\Users\carol\Local Sites\planty\app\public\wp-admin\customize.php:0
[05-Jun-2025 21:10:29 UTC] PHP   2. do_action($hook_name = 'customize_controls_print_footer_scripts') C:\Users\carol\Local Sites\planty\app\public\wp-admin\customize.php:306
[05-Jun-2025 21:10:29 UTC] PHP   3. WP_Hook->do_action($args = [0 => '']) C:\Users\carol\Local Sites\planty\app\public\wp-includes\plugin.php:517
[05-Jun-2025 21:10:29 UTC] PHP   4. WP_Hook->apply_filters($value = '', $args = [0 => '']) C:\Users\carol\Local Sites\planty\app\public\wp-includes\class-wp-hook.php:348
[05-Jun-2025 21:10:29 UTC] PHP   5. WP_Customize_Widgets->output_widget_control_templates('') C:\Users\carol\Local Sites\planty\app\public\wp-includes\class-wp-hook.php:324
[05-Jun-2025 21:12:22 UTC] PHP Warning:  Attempt to read property "title" on null in C:\Users\carol\Local Sites\planty\app\public\wp-includes\class-wp-customize-widgets.php on line 926
[05-Jun-2025 21:12:22 UTC] PHP Stack trace:
[05-Jun-2025 21:12:22 UTC] PHP   1. {main}() C:\Users\carol\Local Sites\planty\app\public\wp-admin\customize.php:0
[05-Jun-2025 21:12:22 UTC] PHP   2. do_action($hook_name = 'customize_controls_print_footer_scripts') C:\Users\carol\Local Sites\planty\app\public\wp-admin\customize.php:306
[05-Jun-2025 21:12:22 UTC] PHP   3. WP_Hook->do_action($args = [0 => '']) C:\Users\carol\Local Sites\planty\app\public\wp-includes\plugin.php:517
[05-Jun-2025 21:12:22 UTC] PHP   4. WP_Hook->apply_filters($value = '', $args = [0 => '']) C:\Users\carol\Local Sites\planty\app\public\wp-includes\class-wp-hook.php:348
[05-Jun-2025 21:12:22 UTC] PHP   5. WP_Customize_Widgets->output_widget_control_templates('') C:\Users\carol\Local Sites\planty\app\public\wp-includes\class-wp-hook.php:324
[06-Jun-2025 06:00:21 UTC] Automatic updates starting...
[06-Jun-2025 06:00:22 UTC] Automatic updates complete.
[08-Jun-2025 19:40:01 UTC] Automatic updates starting...
[08-Jun-2025 19:40:02 UTC]   Automatic theme updates starting...
[08-Jun-2025 19:40:02 UTC]   Automatic theme updates complete.
[08-Jun-2025 19:40:02 UTC] Automatic updates complete.
[08-Jun-2025 19:47:44 UTC] PHP Warning:  wp_version_check(): Une erreur imprévue s’est produite. Il pourrait y avoir un problème avec WordPress.org ou la configuration de ce serveur. Si vous continuez à rencontrer ce problème, veuillez vous rendre sur les <a href="https://wpfr.net/support">forums de support</a>. (WordPress n’a pas pu établir de connexion sécurisée vers WordPress.org. Veuillez contacter l’administrateur ou l’administratrice de votre serveur.) in C:\Users\carol\Local Sites\planty\app\public\wp-includes\functions.php on line 6121
[08-Jun-2025 19:47:44 UTC] PHP Stack trace:
[08-Jun-2025 19:47:44 UTC] PHP   1. {main}() C:\Users\carol\AppData\Local\Programs\Local\resources\extraResources\bin\wp-cli\wp-cli.phar:0
[08-Jun-2025 19:47:44 UTC] PHP   2. include() C:\Users\carol\AppData\Local\Programs\Local\resources\extraResources\bin\wp-cli\wp-cli.phar:4
[08-Jun-2025 19:47:44 UTC] PHP   3. include() phar://C:/Users/carol/AppData/Local/Programs/Local/resources/extraResources/bin/wp-cli/wp-cli.phar/php/boot-phar.php:20
[08-Jun-2025 19:47:44 UTC] PHP   4. WP_CLI\bootstrap() phar://C:/Users/carol/AppData/Local/Programs/Local/resources/extraResources/bin/wp-cli/wp-cli.phar/vendor/wp-cli/wp-cli/php/wp-cli.php:32
[08-Jun-2025 19:47:44 UTC] PHP   5. WP_CLI\Bootstrap\LaunchRunner->process($state = class WP_CLI\Bootstrap\BootstrapState { private $state = ['context_manager' => class WP_CLI\ContextManager { ... }] }) phar://C:/Users/carol/AppData/Local/Programs/Local/resources/extraResources/bin/wp-cli/wp-cli.phar/vendor/wp-cli/wp-cli/php/bootstrap.php:83
[08-Jun-2025 19:47:44 UTC] PHP   6. WP_CLI\Runner->start() phar://C:/Users/carol/AppData/Local/Programs/Local/resources/extraResources/bin/wp-cli/wp-cli.phar/vendor/wp-cli/wp-cli/php/WP_CLI/Bootstrap/LaunchRunner.php:28
[08-Jun-2025 19:47:44 UTC] PHP   7. WP_CLI\Runner->run_command_and_exit($help_exit_warning = *uninitialized*) phar://C:/Users/carol/AppData/Local/Programs/Local/resources/extraResources/bin/wp-cli/wp-cli.phar/vendor/wp-cli/wp-cli/php/WP_CLI/Runner.php:1296
[08-Jun-2025 19:47:44 UTC] PHP   8. WP_CLI\Runner->run_command($args = [0 => 'core', 1 => 'check-update'], $assoc_args = ['field' => 'version'], $options = *uninitialized*) phar://C:/Users/carol/AppData/Local/Programs/Local/resources/extraResources/bin/wp-cli/wp-cli.phar/vendor/wp-cli/wp-cli/php/WP_CLI/Runner.php:464
[08-Jun-2025 19:47:44 UTC] PHP   9. WP_CLI\Dispatcher\Subcommand->invoke($args = [], $assoc_args = ['field' => 'version'], $extra_args = []) phar://C:/Users/carol/AppData/Local/Programs/Local/resources/extraResources/bin/wp-cli/wp-cli.phar/vendor/wp-cli/wp-cli/php/WP_CLI/Runner.php:441
[08-Jun-2025 19:47:44 UTC] PHP  10. call_user_func:{phar://C:/Users/carol/AppData/Local/Programs/Local/resources/extraResources/bin/wp-cli/wp-cli.phar/vendor/wp-cli/wp-cli/php/WP_CLI/Dispatcher/Subcommand.php:497}($callback = class Closure { public $static = ['callable' => [...]]; public $parameter = ['$args' => '<required>', '$assoc_args' => '<required>'] }, ...$args = variadic(['field' => 'version', 'format' => 'table'])) phar://C:/Users/carol/AppData/Local/Programs/Local/resources/extraResources/bin/wp-cli/wp-cli.phar/vendor/wp-cli/wp-cli/php/WP_CLI/Dispatcher/Subcommand.php:497
[08-Jun-2025 19:47:44 UTC] PHP  11. WP_CLI\Dispatcher\CommandFactory::WP_CLI\Dispatcher\{closure:phar://C:/Users/carol/AppData/Local/Programs/Local/resources/extraResources/bin/wp-cli/wp-cli.phar/vendor/wp-cli/wp-cli/php/WP_CLI/Dispatcher/CommandFactory.php:97-104}($args = [], $assoc_args = ['field' => 'version', 'format' => 'table']) phar://C:/Users/carol/AppData/Local/Programs/Local/resources/extraResources/bin/wp-cli/wp-cli.phar/vendor/wp-cli/wp-cli/php/WP_CLI/Dispatcher/Subcommand.php:497
[08-Jun-2025 19:47:44 UTC] PHP  12. call_user_func:{phar://C:/Users/carol/AppData/Local/Programs/Local/resources/extraResources/bin/wp-cli/wp-cli.phar/vendor/wp-cli/wp-cli/php/WP_CLI/Dispatcher/CommandFactory.php:100}($callback = [0 => class Core_Command {  }, 1 => 'check_update'], ...$args = variadic(['field' => 'version', 'format' => 'table'])) phar://C:/Users/carol/AppData/Local/Programs/Local/resources/extraResources/bin/wp-cli/wp-cli.phar/vendor/wp-cli/wp-cli/php/WP_CLI/Dispatcher/CommandFactory.php:100
[08-Jun-2025 19:47:44 UTC] PHP  13. Core_Command->check_update($_ = [], $assoc_args = ['field' => 'version', 'format' => 'table']) phar://C:/Users/carol/AppData/Local/Programs/Local/resources/extraResources/bin/wp-cli/wp-cli.phar/vendor/wp-cli/wp-cli/php/WP_CLI/Dispatcher/CommandFactory.php:100
[08-Jun-2025 19:47:44 UTC] PHP  14. Core_Command->get_updates($assoc_args = ['field' => 'version', 'format' => 'table']) phar://C:/Users/carol/AppData/Local/Programs/Local/resources/extraResources/bin/wp-cli/wp-cli.phar/vendor/wp-cli/core-command/src/Core_Command.php:82
[08-Jun-2025 19:47:44 UTC] PHP  15. wp_version_check($extra_stats = [], $force_check = NULL) phar://C:/Users/carol/AppData/Local/Programs/Local/resources/extraResources/bin/wp-cli/wp-cli.phar/vendor/wp-cli/core-command/src/Core_Command.php:1361
[08-Jun-2025 19:47:44 UTC] PHP  16. wp_trigger_error($function_name = 'wp_version_check', $message = 'Une erreur imprévue s’est produite. Il pourrait y avoir un problème avec WordPress.org ou la configuration de ce serveur. Si vous continuez à rencontrer ce problème, veuillez vous rendre sur les <a href="https://wpfr.net/support">forums de support</a>. (WordPress n’a pas pu établir de connexion sécurisée vers WordPress.org. Veuillez contacter l’administrateur ou l’administratrice de votre serveur.)', $error_level = 512) C:\Users\carol\Local Sites\planty\app\public\wp-includes\update.php:216
[08-Jun-2025 19:47:44 UTC] PHP  17. trigger_error($message = 'wp_version_check(): Une erreur imprévue s’est produite. Il pourrait y avoir un problème avec WordPress.org ou la configuration de ce serveur. Si vous continuez à rencontrer ce problème, veuillez vous rendre sur les <a href="https://wpfr.net/support">forums de support</a>. (WordPress n’a pas pu établir de connexion sécurisée vers WordPress.org. Veuillez contacter l’administrateur ou l’administratrice de votre serveur.)', $error_level = 512) C:\Users\carol\Local Sites\planty\app\public\wp-includes\functions.php:6121
[08-Jun-2025 20:41:16 UTC] Theme location: 
[08-Jun-2025 20:41:17 UTC] Theme location: 
[08-Jun-2025 20:41:17 UTC] Theme location: menu-2
[09-Jun-2025 07:19:54 UTC] Automatic updates starting...
[09-Jun-2025 07:19:55 UTC] Automatic updates complete.
[09-Jun-2025 08:06:37 UTC] PHP Warning:  wp_version_check(): Une erreur imprévue s’est produite. Il pourrait y avoir un problème avec WordPress.org ou la configuration de ce serveur. Si vous continuez à rencontrer ce problème, veuillez vous rendre sur les <a href="https://wpfr.net/support">forums de support</a>. (WordPress n’a pas pu établir de connexion sécurisée vers WordPress.org. Veuillez contacter l’administrateur ou l’administratrice de votre serveur.) in C:\Users\carol\Local Sites\planty\app\public\wp-includes\functions.php on line 6121
[09-Jun-2025 08:06:37 UTC] PHP Stack trace:
[09-Jun-2025 08:06:37 UTC] PHP   1. {main}() C:\Users\carol\AppData\Local\Programs\Local\resources\extraResources\bin\wp-cli\wp-cli.phar:0
[09-Jun-2025 08:06:37 UTC] PHP   2. include() C:\Users\carol\AppData\Local\Programs\Local\resources\extraResources\bin\wp-cli\wp-cli.phar:4
[09-Jun-2025 08:06:37 UTC] PHP   3. include() phar://C:/Users/carol/AppData/Local/Programs/Local/resources/extraResources/bin/wp-cli/wp-cli.phar/php/boot-phar.php:20
[09-Jun-2025 08:06:37 UTC] PHP   4. WP_CLI\bootstrap() phar://C:/Users/carol/AppData/Local/Programs/Local/resources/extraResources/bin/wp-cli/wp-cli.phar/vendor/wp-cli/wp-cli/php/wp-cli.php:32
[09-Jun-2025 08:06:37 UTC] PHP   5. WP_CLI\Bootstrap\LaunchRunner->process($state = class WP_CLI\Bootstrap\BootstrapState { private $state = ['context_manager' => class WP_CLI\ContextManager { ... }] }) phar://C:/Users/carol/AppData/Local/Programs/Local/resources/extraResources/bin/wp-cli/wp-cli.phar/vendor/wp-cli/wp-cli/php/bootstrap.php:83
[09-Jun-2025 08:06:37 UTC] PHP   6. WP_CLI\Runner->start() phar://C:/Users/carol/AppData/Local/Programs/Local/resources/extraResources/bin/wp-cli/wp-cli.phar/vendor/wp-cli/wp-cli/php/WP_CLI/Bootstrap/LaunchRunner.php:28
[09-Jun-2025 08:06:37 UTC] PHP   7. WP_CLI\Runner->run_command_and_exit($help_exit_warning = *uninitialized*) phar://C:/Users/carol/AppData/Local/Programs/Local/resources/extraResources/bin/wp-cli/wp-cli.phar/vendor/wp-cli/wp-cli/php/WP_CLI/Runner.php:1296
[09-Jun-2025 08:06:37 UTC] PHP   8. WP_CLI\Runner->run_command($args = [0 => 'core', 1 => 'check-update'], $assoc_args = ['field' => 'version'], $options = *uninitialized*) phar://C:/Users/carol/AppData/Local/Programs/Local/resources/extraResources/bin/wp-cli/wp-cli.phar/vendor/wp-cli/wp-cli/php/WP_CLI/Runner.php:464
[09-Jun-2025 08:06:37 UTC] PHP   9. WP_CLI\Dispatcher\Subcommand->invoke($args = [], $assoc_args = ['field' => 'version'], $extra_args = []) phar://C:/Users/carol/AppData/Local/Programs/Local/resources/extraResources/bin/wp-cli/wp-cli.phar/vendor/wp-cli/wp-cli/php/WP_CLI/Runner.php:441
[09-Jun-2025 08:06:37 UTC] PHP  10. call_user_func:{phar://C:/Users/carol/AppData/Local/Programs/Local/resources/extraResources/bin/wp-cli/wp-cli.phar/vendor/wp-cli/wp-cli/php/WP_CLI/Dispatcher/Subcommand.php:497}($callback = class Closure { public $static = ['callable' => [...]]; public $parameter = ['$args' => '<required>', '$assoc_args' => '<required>'] }, ...$args = variadic(['field' => 'version', 'format' => 'table'])) phar://C:/Users/carol/AppData/Local/Programs/Local/resources/extraResources/bin/wp-cli/wp-cli.phar/vendor/wp-cli/wp-cli/php/WP_CLI/Dispatcher/Subcommand.php:497
[09-Jun-2025 08:06:37 UTC] PHP  11. WP_CLI\Dispatcher\CommandFactory::WP_CLI\Dispatcher\{closure:phar://C:/Users/carol/AppData/Local/Programs/Local/resources/extraResources/bin/wp-cli/wp-cli.phar/vendor/wp-cli/wp-cli/php/WP_CLI/Dispatcher/CommandFactory.php:97-104}($args = [], $assoc_args = ['field' => 'version', 'format' => 'table']) phar://C:/Users/carol/AppData/Local/Programs/Local/resources/extraResources/bin/wp-cli/wp-cli.phar/vendor/wp-cli/wp-cli/php/WP_CLI/Dispatcher/Subcommand.php:497
[09-Jun-2025 08:06:37 UTC] PHP  12. call_user_func:{phar://C:/Users/carol/AppData/Local/Programs/Local/resources/extraResources/bin/wp-cli/wp-cli.phar/vendor/wp-cli/wp-cli/php/WP_CLI/Dispatcher/CommandFactory.php:100}($callback = [0 => class Core_Command {  }, 1 => 'check_update'], ...$args = variadic(['field' => 'version', 'format' => 'table'])) phar://C:/Users/carol/AppData/Local/Programs/Local/resources/extraResources/bin/wp-cli/wp-cli.phar/vendor/wp-cli/wp-cli/php/WP_CLI/Dispatcher/CommandFactory.php:100
[09-Jun-2025 08:06:37 UTC] PHP  13. Core_Command->check_update($_ = [], $assoc_args = ['field' => 'version', 'format' => 'table']) phar://C:/Users/carol/AppData/Local/Programs/Local/resources/extraResources/bin/wp-cli/wp-cli.phar/vendor/wp-cli/wp-cli/php/WP_CLI/Dispatcher/CommandFactory.php:100
[09-Jun-2025 08:06:37 UTC] PHP  14. Core_Command->get_updates($assoc_args = ['field' => 'version', 'format' => 'table']) phar://C:/Users/carol/AppData/Local/Programs/Local/resources/extraResources/bin/wp-cli/wp-cli.phar/vendor/wp-cli/core-command/src/Core_Command.php:82
[09-Jun-2025 08:06:37 UTC] PHP  15. wp_version_check($extra_stats = [], $force_check = NULL) phar://C:/Users/carol/AppData/Local/Programs/Local/resources/extraResources/bin/wp-cli/wp-cli.phar/vendor/wp-cli/core-command/src/Core_Command.php:1361
[09-Jun-2025 08:06:37 UTC] PHP  16. wp_trigger_error($function_name = 'wp_version_check', $message = 'Une erreur imprévue s’est produite. Il pourrait y avoir un problème avec WordPress.org ou la configuration de ce serveur. Si vous continuez à rencontrer ce problème, veuillez vous rendre sur les <a href="https://wpfr.net/support">forums de support</a>. (WordPress n’a pas pu établir de connexion sécurisée vers WordPress.org. Veuillez contacter l’administrateur ou l’administratrice de votre serveur.)', $error_level = 512) C:\Users\carol\Local Sites\planty\app\public\wp-includes\update.php:216
[09-Jun-2025 08:06:37 UTC] PHP  17. trigger_error($message = 'wp_version_check(): Une erreur imprévue s’est produite. Il pourrait y avoir un problème avec WordPress.org ou la configuration de ce serveur. Si vous continuez à rencontrer ce problème, veuillez vous rendre sur les <a href="https://wpfr.net/support">forums de support</a>. (WordPress n’a pas pu établir de connexion sécurisée vers WordPress.org. Veuillez contacter l’administrateur ou l’administratrice de votre serveur.)', $error_level = 512) C:\Users\carol\Local Sites\planty\app\public\wp-includes\functions.php:6121
[09-Jun-2025 08:14:02 UTC] PHP Fatal error:  Cannot redeclare theme_enfant_setup() (previously declared in C:\Users\carol\Local Sites\planty\app\public\wp-content\themes\hello-elementor-child\functions.php:27) in C:\Users\carol\Local Sites\planty\app\public\wp-content\themes\hello-elementor-child\functions.php on line 86
[09-Jun-2025 08:14:02 UTC] PHP Stack trace:
[09-Jun-2025 08:14:02 UTC] PHP   1. {main}() C:\Users\carol\Local Sites\planty\app\public\index.php:0
[09-Jun-2025 08:14:02 UTC] PHP   2. require() C:\Users\carol\Local Sites\planty\app\public\index.php:17
[09-Jun-2025 08:14:02 UTC] PHP   3. require_once() C:\Users\carol\Local Sites\planty\app\public\wp-blog-header.php:13
[09-Jun-2025 08:14:02 UTC] PHP   4. require_once() C:\Users\carol\Local Sites\planty\app\public\wp-load.php:50
[09-Jun-2025 08:14:02 UTC] PHP   5. require_once() C:\Users\carol\Local Sites\planty\app\public\wp-config.php:115
[09-Jun-2025 08:14:04 UTC] PHP Fatal error:  Cannot redeclare theme_enfant_setup() (previously declared in C:\Users\carol\Local Sites\planty\app\public\wp-content\themes\hello-elementor-child\functions.php:27) in C:\Users\carol\Local Sites\planty\app\public\wp-content\themes\hello-elementor-child\functions.php on line 86
[09-Jun-2025 08:14:04 UTC] PHP Stack trace:
[09-Jun-2025 08:14:04 UTC] PHP   1. {main}() C:\Users\carol\Local Sites\planty\app\public\index.php:0
[09-Jun-2025 08:14:04 UTC] PHP   2. require() C:\Users\carol\Local Sites\planty\app\public\index.php:17
[09-Jun-2025 08:14:04 UTC] PHP   3. require_once() C:\Users\carol\Local Sites\planty\app\public\wp-blog-header.php:13
[09-Jun-2025 08:14:04 UTC] PHP   4. require_once() C:\Users\carol\Local Sites\planty\app\public\wp-load.php:50
[09-Jun-2025 08:14:04 UTC] PHP   5. require_once() C:\Users\carol\Local Sites\planty\app\public\wp-config.php:115
[09-Jun-2025 18:57:05 UTC] Automatic updates starting...
[09-Jun-2025 18:57:06 UTC]   Automatic plugin updates starting...
[09-Jun-2025 18:57:06 UTC]   Automatic plugin updates complete.
[09-Jun-2025 18:57:06 UTC] Automatic updates complete.
